Arguments: 
  /usr/bin/node /usr/local/bin/yarn install

PATH: 
  /usr/local/sbin:/usr/local/bin:/usr/sbin:/usr/bin:/root/bin

Yarn version: 
  1.22.18

Node version: 
  16.8.0

Platform: 
  linux x64

Trace: 
  Error: https://registry.yarnpkg.com/markdown-it-katex: tunneling socket could not be established, cause=write EPROTO 139908671904768:error:1408F10B:SSL routines:ssl3_get_record:wrong version number:ssl/record/ssl3_record.c:332:
  
      at ClientRequest.onError (/usr/local/lib/node_modules/yarn/lib/cli.js:152369:17)
      at Object.onceWrapper (node:events:514:26)
      at ClientRequest.emit (node:events:394:28)
      at TLSSocket.socketErrorListener (node:_http_client:447:9)
      at TLSSocket.emit (node:events:394:28)
      at emitErrorNT (node:internal/streams/destroy:157:8)
      at emitErrorCloseNT (node:internal/streams/destroy:122:3)
      at processTicksAndRejections (node:internal/process/task_queues:83:21)

npm manifest: 
  {
    "name": "theme-vdoing-blog",
    "version": "1.0.0",
    "scripts": {
      "dev": "vuepress dev docs",
      "build": "vuepress build docs",
      "deploy": "bash deploy.sh",
      "editFm": "node utils/editFrontmatter.js",
      "baiduPush": "node utils/baiduPush.js https://xugaoyi.com && bash baiduPush.sh",
      "publish": "cd ./vdoing && npm publish && cd .. && yarn updateTheme",
      "updateTheme": "yarn remove vuepress-theme-vdoing && rm -rf node_modules && yarn && yarn add vuepress-theme-vdoing -D"
    },
    "license": "MIT",
    "devDependencies": {
      "dayjs": "^1.9.7",
      "inquirer": "^7.1.0",
      "json2yaml": "^1.1.0",
      "vuepress": "1.9.5",
      "vuepress-plugin-baidu-autopush": "^1.0.1",
      "vuepress-plugin-baidu-tongji": "^1.0.1",
      "vuepress-plugin-comment": "^0.7.3",
      "vuepress-plugin-cursor-effects": "^1.1.2",
      "vuepress-plugin-demo-block": "^0.7.2",
      "vuepress-plugin-fulltext-search": "^2.2.1",
      "vuepress-plugin-graysite": "^0.1.0",
      "vuepress-plugin-one-click-copy": "^1.0.2",
      "vuepress-plugin-thirdparty-search": "^1.0.2",
      "vuepress-plugin-zooming": "^1.1.7",
      "vuepress-theme-vdoing": "^1.10.1",
      "yamljs": "^0.3.0"
    },
    "dependencies": {
      "markdown-it-katex": "^2.0.3",
      "markdown-it-texmath": "^0.9.7",
      "vuepress-plugin-helper-live2d": "^1.0.2",
      "vuepress-plugin-mathjax": "^1.2.8"
    }
  }

yarn manifest: 
  No manifest

Lockfile: 
  No lockfile
